<?xml version="1.0" encoding="UTF-8"?>
<testng-results skipped="0" failed="0" total="1" passed="1">
  <reporter-output>
  </reporter-output>
  <suite name="Default suite" duration-ms="26721" started-at="2018-08-29T11:06:42Z" finished-at="2018-08-29T11:07:09Z">
    <groups>
    </groups>
    <test name="Default test" duration-ms="26721" started-at="2018-08-29T11:06:42Z" finished-at="2018-08-29T11:07:09Z">
      <class name="tests.InactiveTLConfig">
        <test-method status="PASS" signature="initialize()[pri:0, instance:tests.InactiveTLConfig@5b87ed94]" name="initialize" is-config="true" duration-ms="352" started-at="2018-08-29T16:36:42Z" finished-at="2018-08-29T16:36:42Z">
          <reporter-output>
          </reporter-output>
        </test-method> <!-- initialize -->
        <test-method status="PASS" signature="isSkipped()[pri:0, instance:tests.InactiveTLConfig@5b87ed94]" name="isSkipped" is-config="true" duration-ms="8305" started-at="2018-08-29T16:36:42Z" finished-at="2018-08-29T16:36:50Z">
          <reporter-output>
          </reporter-output>
        </test-method> <!-- isSkipped -->
        <test-method status="PASS" signature="start()[pri:0, instance:tests.InactiveTLConfig@5b87ed94]" name="start" is-config="true" duration-ms="93" started-at="2018-08-29T16:36:50Z" finished-at="2018-08-29T16:36:50Z">
          <reporter-output>
          </reporter-output>
        </test-method> <!-- start -->
        <test-method status="PASS" signature="InactiveTLConfig(java.util.Hashtable)[pri:0, instance:tests.InactiveTLConfig@5b87ed94]" name="InactiveTLConfig" duration-ms="15482" started-at="2018-08-29T16:36:50Z" data-provider="getData" finished-at="2018-08-29T16:37:06Z">
          <params>
            <param index="0">
              <value>
                <![CDATA[{Vertical=RCM, ChangeTL=DEVI N, OM=ARJUN B, LoginTL=BalajiR, OM1=Prabahak, Client=NextGen RCM, SDH=BASKARAN A, Runmode=Y, TL=BALAJI R, Project=NextGen RCM, Location=BLR II, Admin=VijayalaH, TL1=RagunathA, SM=MURUGESAN S, Process=BAY MEDICAL - PP}]]>
              </value>
            </param>
          </params>
          <reporter-output>
          </reporter-output>
        </test-method> <!-- InactiveTLConfig -->
        <test-method status="PASS" signature="aftermethod()[pri:0, instance:tests.InactiveTLConfig@5b87ed94]" name="aftermethod" is-config="true" duration-ms="158" started-at="2018-08-29T16:37:06Z" finished-at="2018-08-29T16:37:06Z">
          <reporter-output>
          </reporter-output>
        </test-method> <!-- aftermethod -->
        <test-method status="PASS" signature="quitBrowser()[pri:0, instance:tests.InactiveTLConfig@5b87ed94]" name="quitBrowser" is-config="true" duration-ms="2668" started-at="2018-08-29T16:37:06Z" finished-at="2018-08-29T16:37:09Z">
          <reporter-output>
          </reporter-output>
        </test-method> <!-- quitBrowser -->
      </class> <!-- tests.InactiveTLConfig -->
    </test> <!-- Default test -->
  </suite> <!-- Default suite -->
</testng-results>
